<?xml version="1.0" encoding="UTF-8"?>
<testsuite xmlns:xsi="http://www.w3.org/2001/XMLSchema-instance" xsi:noNamespaceSchemaLocation="https://maven.apache.org/surefire/maven-surefire-plugin/xsd/surefire-test-report-3.0.xsd" version="3.0" name="dk.sdu.cbse.AppTest" time="0.011" tests="1" errors="0" skipped="0" failures="0">
  <properties>
    <property name="java.specification.version" value="21"/>
    <property name="sun.jnu.encoding" value="UTF-8"/>
    <property name="java.class.path" value="/Users/mikkelnielsen/Desktop/Skole/4. semester/Komponentbaserede Systemer/Asteroids/AsteroidsFX/Bullet/target/test-classes:/Users/mikkelnielsen/.m2/repository/junit/junit/3.8.1/junit-3.8.1.jar:/Users/mikkelnielsen/.m2/repository/org/openjfx/javafx-graphics/21.0.2/javafx-graphics-21.0.2.jar:/Users/mikkelnielsen/.m2/repository/org/openjfx/javafx-base/21.0.2/javafx-base-21.0.2.jar:"/>
    <property name="java.vm.vendor" value="Oracle Corporation"/>
    <property name="sun.arch.data.model" value="64"/>
    <property name="java.vendor.url" value="https://java.oracle.com/"/>
    <property name="os.name" value="Mac OS X"/>
    <property name="java.vm.specification.version" value="21"/>
    <property name="sun.java.launcher" value="SUN_STANDARD"/>
    <property name="user.country" value="DK"/>
    <property name="sun.boot.library.path" value="/Users/mikkelnielsen/Library/Java/JavaVirtualMachines/openjdk-21.0.2/Contents/Home/lib"/>
    <property name="sun.java.command" value="org.apache.maven.surefire.booter.ForkedBooter /Users/mikkelnielsen/Desktop/Skole/4. semester/Komponentbaserede Systemer/Asteroids/AsteroidsFX/Bullet/target/surefire 2025-03-20T00-40-22_912-jvmRun1 surefire-20250320004024429_4tmp surefire_1-20250320004024429_5tmp"/>
    <property name="http.nonProxyHosts" value="local|*.local|169.254/16|*.169.254/16"/>
    <property name="jdk.debug" value="release"/>
    <property name="surefire.test.class.path" value="/Users/mikkelnielsen/Desktop/Skole/4. semester/Komponentbaserede Systemer/Asteroids/AsteroidsFX/Bullet/target/test-classes:/Users/mikkelnielsen/.m2/repository/junit/junit/3.8.1/junit-3.8.1.jar:/Users/mikkelnielsen/.m2/repository/org/openjfx/javafx-graphics/21.0.2/javafx-graphics-21.0.2.jar:/Users/mikkelnielsen/.m2/repository/org/openjfx/javafx-base/21.0.2/javafx-base-21.0.2.jar:"/>
    <property name="sun.cpu.endian" value="little"/>
    <property name="user.home" value="/Users/mikkelnielsen"/>
    <property name="user.language" value="da"/>
    <property name="java.specification.vendor" value="Oracle Corporation"/>
    <property name="jdk.module.path" value="/Users/mikkelnielsen/Desktop/Skole/4. semester/Komponentbaserede Systemer/Asteroids/AsteroidsFX/Bullet/target/classes:/Users/mikkelnielsen/Desktop/Skole/4. semester/Komponentbaserede Systemer/Asteroids/AsteroidsFX/Common/target/Common-1.0-SNAPSHOT.jar:/Users/mikkelnielsen/.m2/repository/org/openjfx/javafx-graphics/21.0.2/javafx-graphics-21.0.2-mac-aarch64.jar:/Users/mikkelnielsen/.m2/repository/org/openjfx/javafx-base/21.0.2/javafx-base-21.0.2-mac-aarch64.jar"/>
    <property name="java.version.date" value="2024-01-16"/>
    <property name="java.home" value="/Users/mikkelnielsen/Library/Java/JavaVirtualMachines/openjdk-21.0.2/Contents/Home"/>
    <property name="file.separator" value="/"/>
    <property name="basedir" value="/Users/mikkelnielsen/Desktop/Skole/4. semester/Komponentbaserede Systemer/Asteroids/AsteroidsFX/Bullet"/>
    <property name="java.vm.compressedOopsMode" value="Zero based"/>
    <property name="line.separator" value="&#10;"/>
    <property name="java.vm.specification.vendor" value="Oracle Corporation"/>
    <property name="java.specification.name" value="Java Platform API Specification"/>
    <property name="apple.awt.application.name" value="ForkedBooter"/>
    <property name="surefire.real.class.path" value="/Users/mikkelnielsen/.m2/repository/org/apache/maven/surefire/surefire-booter/3.2.2/surefire-booter-3.2.2.jar:/Users/mikkelnielsen/.m2/repository/org/apache/maven/surefire/surefire-api/3.2.2/surefire-api-3.2.2.jar:/Users/mikkelnielsen/.m2/repository/org/apache/maven/surefire/surefire-logger-api/3.2.2/surefire-logger-api-3.2.2.jar:/Users/mikkelnielsen/.m2/repository/org/apache/maven/surefire/surefire-shared-utils/3.2.2/surefire-shared-utils-3.2.2.jar:/Users/mikkelnielsen/.m2/repository/org/apache/maven/surefire/surefire-extensions-spi/3.2.2/surefire-extensions-spi-3.2.2.jar:/Users/mikkelnielsen/Desktop/Skole/4. semester/Komponentbaserede Systemer/Asteroids/AsteroidsFX/Bullet/target/test-classes:/Users/mikkelnielsen/.m2/repository/junit/junit/3.8.1/junit-3.8.1.jar:/Users/mikkelnielsen/.m2/repository/org/openjfx/javafx-graphics/21.0.2/javafx-graphics-21.0.2.jar:/Users/mikkelnielsen/.m2/repository/org/openjfx/javafx-base/21.0.2/javafx-base-21.0.2.jar:/Users/mikkelnielsen/.m2/repository/org/apache/maven/surefire/surefire-junit3/3.2.2/surefire-junit3-3.2.2.jar:/Users/mikkelnielsen/.m2/repository/org/apache/maven/surefire/common-java5/3.2.2/common-java5-3.2.2.jar:/Users/mikkelnielsen/.m2/repository/org/apache/maven/surefire/common-junit3/3.2.2/common-junit3-3.2.2.jar"/>
    <property name="sun.management.compiler" value="HotSpot 64-Bit Tiered Compilers"/>
    <property name="ftp.nonProxyHosts" value="local|*.local|169.254/16|*.169.254/16"/>
    <property name="java.runtime.version" value="21.0.2+13-58"/>
    <property name="user.name" value="mikkelnielsen"/>
    <property name="stdout.encoding" value="UTF-8"/>
    <property name="path.separator" value=":"/>
    <property name="os.version" value="15.3.2"/>
    <property name="java.runtime.name" value="OpenJDK Runtime Environment"/>
    <property name="file.encoding" value="UTF-8"/>
    <property name="java.vm.name" value="OpenJDK 64-Bit Server VM"/>
    <property name="localRepository" value="/Users/mikkelnielsen/.m2/repository"/>
    <property name="java.vendor.url.bug" value="https://bugreport.java.com/bugreport/"/>
    <property name="java.io.tmpdir" value="/var/folders/16/zg4zfrmd3wxgk4xrl9vns2lh0000gn/T/"/>
    <property name="idea.version" value="2024.1"/>
    <property name="java.version" value="21.0.2"/>
    <property name="user.dir" value="/Users/mikkelnielsen/Desktop/Skole/4. semester/Komponentbaserede Systemer/Asteroids/AsteroidsFX/Bullet"/>
    <property name="os.arch" value="aarch64"/>
    <property name="java.vm.specification.name" value="Java Virtual Machine Specification"/>
    <property name="native.encoding" value="UTF-8"/>
    <property name="java.library.path" value="/Users/mikkelnielsen/Library/Java/Extensions:/Library/Java/Extensions:/Network/Library/Java/Extensions:/System/Library/Java/Extensions:/usr/lib/java:."/>
    <property name="java.vm.info" value="mixed mode"/>
    <property name="stderr.encoding" value="UTF-8"/>
    <property name="java.vendor" value="Oracle Corporation"/>
    <property name="java.vm.version" value="21.0.2+13-58"/>
    <property name="sun.io.unicode.encoding" value="UnicodeBig"/>
    <property name="socksNonProxyHosts" value="local|*.local|169.254/16|*.169.254/16"/>
    <property name="java.class.version" value="65.0"/>
  </properties>
  <testcase name="testApp" classname="dk.sdu.cbse.AppTest" time="0.003"/>
</testsuite>